2024-03-04 05:34:20.579+0000 INFO  Logging config in use: File 'D:\Workplaces\Computer_contest\Yi-yan-xin-da\Neo4j\neo4j-community-5.17.0-windows\neo4j-community-5.17.0\conf\user-logs.xml'
2024-03-04 05:34:20.642+0000 INFO  Starting...
2024-03-04 05:34:23.759+0000 INFO  This instance is ServerId{30646512} (30646512-2fd1-4236-a383-4c31cdcf509b)
2024-03-04 05:34:26.288+0000 INFO  ======== Neo4j 5.17.0 ========
2024-03-04 05:34:33.949+0000 INFO  Bolt enabled on localhost:7687.
2024-03-04 05:34:36.024+0000 INFO  HTTP enabled on localhost:7474.
2024-03-04 05:34:36.024+0000 INFO  Remote interface available at http://localhost:7474/
2024-03-04 05:34:36.045+0000 INFO  id: CB171D57BCA97AE4ED93B8C4ECE3071963BEA215341B40ED230E8AEB21389A57
2024-03-04 05:34:36.045+0000 INFO  name: system
2024-03-04 05:34:36.045+0000 INFO  creationDate: 2024-03-04T05:34:28.904Z
2024-03-04 05:34:36.045+0000 INFO  Started.
2024-03-04 05:35:14.647+0000 WARN  [bolt-14] The client is unauthorized due to authentication failure.
2024-03-04 05:35:14.976+0000 WARN  [bolt-15] The client is unauthorized due to authentication failure.
2024-03-04 05:35:15.306+0000 WARN  [bolt-16] The client is unauthorized due to authentication failure.
2024-03-04 06:48:33.665+0000 INFO  Logging config in use: File 'D:\Workplaces\Computer_contest\Yi-yan-xin-da\Neo4j\neo4j-community-5.17.0-windows\neo4j-community-5.17.0\conf\user-logs.xml'
2024-03-04 06:48:33.729+0000 INFO  Starting...
2024-03-04 06:48:36.239+0000 INFO  This instance is ServerId{30646512} (30646512-2fd1-4236-a383-4c31cdcf509b)
2024-03-04 06:48:37.885+0000 INFO  ======== Neo4j 5.17.0 ========
2024-03-04 06:48:43.207+0000 INFO  Bolt enabled on localhost:7687.
2024-03-04 06:48:44.870+0000 INFO  HTTP enabled on localhost:7474.
2024-03-04 06:48:44.870+0000 INFO  Remote interface available at http://localhost:7474/
2024-03-04 06:48:44.886+0000 INFO  id: CB171D57BCA97AE4ED93B8C4ECE3071963BEA215341B40ED230E8AEB21389A57
2024-03-04 06:48:44.886+0000 INFO  name: system
2024-03-04 06:48:44.886+0000 INFO  creationDate: 2024-03-04T05:34:28.904Z
2024-03-04 06:48:44.886+0000 INFO  Started.
2024-03-04 07:14:38.519+0000 WARN  [bolt-18] Terminating connection due to network error
org.neo4j.bolt.protocol.error.streaming.BoltStreamingWriteException: Failed to transmit operation result: Response write failure
	at org.neo4j.bolt.protocol.common.fsm.response.NetworkResponseHandler.onSuccess(NetworkResponseHandler.java:184) ~[neo4j-bolt-5.17.0.jar:5.17.0]
	at org.neo4j.bolt.protocol.common.connector.connection.AtomicSchedulingConnection.lambda$interrupt$6(AtomicSchedulingConnection.java:462) ~[neo4j-bolt-5.17.0.jar:5.17.0]
	at org.neo4j.bolt.protocol.common.connector.connection.AtomicSchedulingConnection.executeJob(AtomicSchedulingConnection.java:336) ~[neo4j-bolt-5.17.0.jar:5.17.0]
	at org.neo4j.bolt.protocol.common.connector.connection.AtomicSchedulingConnection.doExecuteJobs(AtomicSchedulingConnection.java:315) ~[neo4j-bolt-5.17.0.jar:5.17.0]
	at org.neo4j.bolt.protocol.common.connector.connection.AtomicSchedulingConnection.executeJobs(AtomicSchedulingConnection.java:221) ~[neo4j-bolt-5.17.0.jar:5.17.0]
	at java.util.concurrent.Executors$RunnableAdapter.call(Executors.java:539) [?:?]
	at java.util.concurrent.FutureTask.run(FutureTask.java:264) [?:?]
	at java.util.concurrent.ThreadPoolExecutor.runWorker(ThreadPoolExecutor.java:1136) [?:?]
	at java.util.concurrent.ThreadPoolExecutor$Worker.run(ThreadPoolExecutor.java:635) [?:?]
	at java.lang.Thread.run(Thread.java:842) [?:?]
Caused by: io.netty.channel.StacklessClosedChannelException
	at io.netty.channel.AbstractChannel$AbstractUnsafe.write(Object, ChannelPromise)(Unknown Source) ~[netty-transport-4.1.101.Final.jar:4.1.101.Final]
2024-03-05 05:32:22.035+0000 INFO  Logging config in use: File 'D:\Workplaces\Computer_contest\Yi-yan-xin-da\Neo4j\neo4j-community-5.17.0-windows\neo4j-community-5.17.0\conf\user-logs.xml'
2024-03-05 05:32:22.192+0000 INFO  Starting...
2024-03-05 05:32:26.654+0000 INFO  This instance is ServerId{30646512} (30646512-2fd1-4236-a383-4c31cdcf509b)
2024-03-05 05:32:29.238+0000 INFO  ======== Neo4j 5.17.0 ========
2024-03-05 05:32:34.894+0000 INFO  Bolt enabled on localhost:7687.
2024-03-05 05:32:36.931+0000 INFO  HTTP enabled on localhost:7474.
2024-03-05 05:32:36.933+0000 INFO  Remote interface available at http://localhost:7474/
2024-03-05 05:32:36.943+0000 INFO  id: CB171D57BCA97AE4ED93B8C4ECE3071963BEA215341B40ED230E8AEB21389A57
2024-03-05 05:32:36.943+0000 INFO  name: system
2024-03-05 05:32:36.944+0000 INFO  creationDate: 2024-03-04T05:34:28.904Z
2024-03-05 05:32:36.944+0000 INFO  Started.
